Using pre-set license

 COMMAND LINE ARGUMENTS:
/Applications/Unity/Hub/Editor/2020.3.16f1/Unity.app/Contents/MacOS/Unity
-adb2
-batchMode
-noUpm
-name
AssetImportWorker0
-projectPath
/Applications/Unity Projects/FamilyRepair/FamilyRepairApp
-logFile
Logs/AssetImportWorker0.log
-srvPort
63093
Successfully changed project path to: /Applications/Unity Projects/FamilyRepair/FamilyRepairApp
/Applications/Unity Projects/FamilyRepair/FamilyRepairApp
Using Asset Import Pipeline V2.
Refreshing native plugins compatible for Editor in 47.37 ms, found 3 plugins.
Preloading 0 native plugins for Editor in 0.00 ms.
Initialize engine version: 2020.3.16f1 (049d6eca3c44)
[Subsystems] Discovering subsystems at path /Applications/Unity/Hub/Editor/2020.3.16f1/Unity.app/Contents/Resources/UnitySubsystems
[Subsystems] Discovering subsystems at path /Applications/Unity Projects/FamilyRepair/FamilyRepairApp/Assets
GfxDevice: creating device client; threaded=0
2022-12-01 13:12:58.430 Unity[63582:4967054] (null) preferred device: Apple M1 Pro (high power)
2022-12-01 13:12:58.430 Unity[63582:4967054] Metal devices available: 1
2022-12-01 13:12:58.430 Unity[63582:4967054] 0: Apple M1 Pro (high power)
2022-12-01 13:12:58.431 Unity[63582:4967054] Using device Apple M1 Pro (high power)
Initializing Metal device caps: Apple M1 Pro
Initialize mono
Mono path[0] = '/Applications/Unity/Hub/Editor/2020.3.16f1/Unity.app/Contents/Managed'
Mono path[1] = '/Applications/Unity/Hub/Editor/2020.3.16f1/Unity.app/Contents/MonoBleedingEdge/lib/mono/unityjit'
Mono config path = '/Applications/Unity/Hub/Editor/2020.3.16f1/Unity.app/Contents/MonoBleedingEdge/etc'
Using monoOptions --debugger-agent=transport=dt_socket,embedding=1,server=y,suspend=n,address=127.0.0.1:56582
Begin MonoManager ReloadAssembly
Registering precompiled unity dll's ...
Register platform support module: /Applications/Unity/Hub/Editor/2020.3.16f1/Unity.app/Contents/PlaybackEngines/MacStandaloneSupport/UnityEditor.OSXStandalone.Extensions.dll
Registered in 0.001054 seconds.
Native extension for OSXStandalone target not found
Refreshing native plugins compatible for Editor in 46.84 ms, found 3 plugins.
Preloading 0 native plugins for Editor in 0.00 ms.
Mono: successfully reloaded assembly
- Completed reload, in  1.689 seconds
Domain Reload Profiling:
	ReloadAssembly (1689ms)
		BeginReloadAssembly (73ms)
			ExecutionOrderSort (0ms)
			DisableScriptedObjects (0ms)
			BackupInstance (0ms)
			ReleaseScriptingObjects (0ms)
			CreateAndSetChildDomain (3ms)
		EndReloadAssembly (855ms)
			LoadAssemblies (71ms)
			RebuildTransferFunctionScriptingTraits (0ms)
			SetupTypeCache (155ms)
			ReleaseScriptCaches (0ms)
			RebuildScriptCaches (30ms)
			SetupLoadedEditorAssemblies (528ms)
				LogAssemblyErrors (0ms)
				InitializePlatformSupportModulesInManaged (10ms)
				SetLoadedEditorAssemblies (1ms)
				RefreshPlugins (47ms)
				BeforeProcessingInitializeOnLoad (61ms)
				ProcessInitializeOnLoadAttributes (301ms)
				ProcessInitializeOnLoadMethodAttributes (107ms)
				AfterProcessingInitializeOnLoad (0ms)
				EditorAssembliesLoaded (1ms)
			ExecutionOrderSort2 (0ms)
			AwakeInstancesAfterBackupRestoration (0ms)
Platform modules already initialized, skipping
Registering precompiled user dll's ...
Registered in 0.004731 seconds.
Begin MonoManager ReloadAssembly
Native extension for OSXStandalone target not found
Refreshing native plugins compatible for Editor in 43.55 ms, found 3 plugins.
Preloading 0 native plugins for Editor in 0.00 ms.
Mono: successfully reloaded assembly
- Completed reload, in  2.338 seconds
Domain Reload Profiling:
	ReloadAssembly (2340ms)
		BeginReloadAssembly (204ms)
			ExecutionOrderSort (0ms)
			DisableScriptedObjects (31ms)
			BackupInstance (0ms)
			ReleaseScriptingObjects (0ms)
			CreateAndSetChildDomain (16ms)
		EndReloadAssembly (2059ms)
			LoadAssemblies (186ms)
			RebuildTransferFunctionScriptingTraits (0ms)
			SetupTypeCache (285ms)
			ReleaseScriptCaches (1ms)
			RebuildScriptCaches (42ms)
			SetupLoadedEditorAssemblies (1265ms)
				LogAssemblyErrors (0ms)
				InitializePlatformSupportModulesInManaged (10ms)
				SetLoadedEditorAssemblies (0ms)
				RefreshPlugins (44ms)
				BeforeProcessingInitializeOnLoad (180ms)
				ProcessInitializeOnLoadAttributes (991ms)
				ProcessInitializeOnLoadMethodAttributes (38ms)
				AfterProcessingInitializeOnLoad (1ms)
				EditorAssembliesLoaded (0ms)
			ExecutionOrderSort2 (0ms)
			AwakeInstancesAfterBackupRestoration (31ms)
Platform modules already initialized, skipping
========================================================================
Worker process is ready to serve import requests
Launching external process: /Applications/Unity/Hub/Editor/2020.3.16f1/Unity.app/Contents/Tools/UnityShaderCompiler
Launched and connected shader compiler UnityShaderCompiler after 0.03 seconds
Refreshing native plugins compatible for Editor in 0.51 ms, found 3 plugins.
Preloading 0 native plugins for Editor in 0.00 ms.
Unloading 2195 Unused Serialized files (Serialized files now loaded: 0)
System memory in use before: 73.2 MB.
System memory in use after: 73.3 MB.

Unloading 41 unused Assets to reduce memory usage. Loaded Objects now: 2623.
Total: 2.901625 ms (FindLiveObjects: 0.205625 ms CreateObjectMapping: 0.045084 ms MarkObjects: 2.560250 ms  DeleteObjects: 0.087792 ms)

AssetImportParameters requested are different than current active one (requested -> active):
  custom:video-decoder-ogg-theora: a1e56fd34408186e4bbccfd4996cb3dc -> 
  custom:container-muxer-webm: aa71ff27fc2769a1b78a27578f13a17b -> 
  custom:container-demuxer-webm: 4f35f7cbe854078d1ac9338744f61a02 -> 
  custom:container-demuxer-ogg: 62fdf1f143b41e24485cea50d1cbac27 -> 
  custom:video-encoder-webm-vp8: eb34c28f22e8b96e1ab97ce403110664 -> 
  custom:framework-osx-AVFoundation: e770b220cccbd017edd2c1fefb359320 -> 
  custom:video-decoder-webm-vp8: 9c59270c3fd7afecdb556c50c9e8de78 -> 
  custom:audio-decoder-ogg-vorbis: bf7c407c2cedff20999df2af8eb42d56 -> 
  custom:audio-encoder-webm-vorbis: bf7c407c2cedff20999df2af8eb42d56 -> 
========================================================================
Received Import Request.
  path: Assets/Scenes/Pillar 4
  artifactKey: Guid(59d6cc3572b658745aa2b66565420639) Importer(815301076,1909f56bfc062723c751e8b465ee728b)
Start importing Assets/Scenes/Pillar 4 using Guid(59d6cc3572b658745aa2b66565420639) Importer(815301076,1909f56bfc062723c751e8b465ee728b)  -> (artifact id: 'aba008c0c002aad322fd9ebba95d6470') in 0.006937 seconds 
  Import took 0.010499 seconds .

========================================================================
Received Import Request.
  Time since last request: 37.602433 seconds.
  path: Assets/Scenes/Pillar 4/Pillar 4 Ch 4.unity
  artifactKey: Guid(82f273cd87b3a46efb4ded7a9f209a23) Importer(815301076,1909f56bfc062723c751e8b465ee728b)
Start importing Assets/Scenes/Pillar 4/Pillar 4 Ch 4.unity using Guid(82f273cd87b3a46efb4ded7a9f209a23) Importer(815301076,1909f56bfc062723c751e8b465ee728b)  -> (artifact id: 'ffe4cd10f04e2bd66805ecb7ec36adc6') in 0.015605 seconds 
  Import took 0.019226 seconds .

========================================================================
Received Import Request.
  Time since last request: 19.285083 seconds.
  path: Assets/Scenes/Pillar 5/Pillar 5 Ch 1.unity
  artifactKey: Guid(338561fbdec44634aa7d8fce5b8fafcb) Importer(815301076,1909f56bfc062723c751e8b465ee728b)
Start importing Assets/Scenes/Pillar 5/Pillar 5 Ch 1.unity using Guid(338561fbdec44634aa7d8fce5b8fafcb) Importer(815301076,1909f56bfc062723c751e8b465ee728b)  -> (artifact id: 'b9f38f3bf410c0105f57aed297c65d63') in 0.002607 seconds 
  Import took 0.007802 seconds .

========================================================================
Received Import Request.
  Time since last request: 1.352841 seconds.
  path: Assets/Scenes/Pillar 5/Pillar 5 Ch 2.unity
  artifactKey: Guid(7dbaaa79d94164069817a47591eaa40a) Importer(815301076,1909f56bfc062723c751e8b465ee728b)
Start importing Assets/Scenes/Pillar 5/Pillar 5 Ch 2.unity using Guid(7dbaaa79d94164069817a47591eaa40a) Importer(815301076,1909f56bfc062723c751e8b465ee728b)  -> (artifact id: '50045c63bc15f260b7e6886ae5534b6e') in 0.001893 seconds 
  Import took 0.006779 seconds .

========================================================================
Received Import Request.
  Time since last request: 17.242479 seconds.
  path: Assets/Scenes/Pillar 5/Pillar 5 Ch 4.unity
  artifactKey: Guid(9666dda0b48dc4f0b8b9575ef254fa6a) Importer(815301076,1909f56bfc062723c751e8b465ee728b)
Start importing Assets/Scenes/Pillar 5/Pillar 5 Ch 4.unity using Guid(9666dda0b48dc4f0b8b9575ef254fa6a) Importer(815301076,1909f56bfc062723c751e8b465ee728b)  -> (artifact id: '8137acc7741658b105e77c95e4c72d21') in 0.001599 seconds 
  Import took 0.005129 seconds .

========================================================================
Received Import Request.
  Time since last request: 53.135858 seconds.
  path: Assets/Scenes/Pillar 6/Pillar 6 Ch 2.unity
  artifactKey: Guid(b181cd36ff736472f9ae693824c79fc8) Importer(815301076,1909f56bfc062723c751e8b465ee728b)
Start importing Assets/Scenes/Pillar 6/Pillar 6 Ch 2.unity using Guid(b181cd36ff736472f9ae693824c79fc8) Importer(815301076,1909f56bfc062723c751e8b465ee728b)  -> (artifact id: 'aac1f5cfb3b5eb741c2f5c57ebc57807') in 0.001689 seconds 
  Import took 0.005753 seconds .

========================================================================
Received Import Request.
  Time since last request: 423.253510 seconds.
  path: Assets/Scenes/Pillar 6/Chapter Select Pillar 6.unity
  artifactKey: Guid(e8f4cf648401fde4682d34c61d25c408) Importer(815301076,1909f56bfc062723c751e8b465ee728b)
Start importing Assets/Scenes/Pillar 6/Chapter Select Pillar 6.unity using Guid(e8f4cf648401fde4682d34c61d25c408) Importer(815301076,1909f56bfc062723c751e8b465ee728b)  -> (artifact id: '56f7b2a8739e5037701b1e109c6d7e22') in 0.001878 seconds 
  Import took 0.005606 seconds .

========================================================================
Received Import Request.
  Time since last request: 25.773579 seconds.
  path: Assets/Scenes/Pillar 6/Chapter Select Pillar 6.unity
  artifactKey: Guid(e8f4cf648401fde4682d34c61d25c408) Importer(815301076,1909f56bfc062723c751e8b465ee728b)
Start importing Assets/Scenes/Pillar 6/Chapter Select Pillar 6.unity using Guid(e8f4cf648401fde4682d34c61d25c408) Importer(815301076,1909f56bfc062723c751e8b465ee728b)  -> (artifact id: 'ab84ae053e1cebb95a8e04468c9e8858') in 0.001743 seconds 
  Import took 0.006082 seconds .

========================================================================
Received Prepare
Registering precompiled user dll's ...
Registered in 0.001615 seconds.
Begin MonoManager ReloadAssembly
Native extension for OSXStandalone target not found
Refreshing native plugins compatible for Editor in 0.55 ms, found 3 plugins.
Preloading 0 native plugins for Editor in 0.00 ms.
Mono: successfully reloaded assembly
- Completed reload, in  2.194 seconds
Domain Reload Profiling:
	ReloadAssembly (2195ms)
		BeginReloadAssembly (171ms)
			ExecutionOrderSort (0ms)
			DisableScriptedObjects (37ms)
			BackupInstance (0ms)
			ReleaseScriptingObjects (0ms)
			CreateAndSetChildDomain (39ms)
		EndReloadAssembly (1949ms)
			LoadAssemblies (161ms)
			RebuildTransferFunctionScriptingTraits (0ms)
			SetupTypeCache (262ms)
			ReleaseScriptCaches (1ms)
			RebuildScriptCaches (40ms)
			SetupLoadedEditorAssemblies (1238ms)
				LogAssemblyErrors (0ms)
				InitializePlatformSupportModulesInManaged (14ms)
				SetLoadedEditorAssemblies (2ms)
				RefreshPlugins (1ms)
				BeforeProcessingInitializeOnLoad (195ms)
				ProcessInitializeOnLoadAttributes (1003ms)
				ProcessInitializeOnLoadMethodAttributes (23ms)
				AfterProcessingInitializeOnLoad (1ms)
				EditorAssembliesLoaded (0ms)
			ExecutionOrderSort2 (0ms)
			AwakeInstancesAfterBackupRestoration (46ms)
Platform modules already initialized, skipping
Refreshing native plugins compatible for Editor in 0.45 ms, found 3 plugins.
Preloading 0 native plugins for Editor in 0.00 ms.
Unloading 2185 Unused Serialized files (Serialized files now loaded: 0)
System memory in use before: 75.9 MB.
System memory in use after: 76.1 MB.

Unloading 29 unused Assets to reduce memory usage. Loaded Objects now: 2626.
Total: 2.510333 ms (FindLiveObjects: 0.130500 ms CreateObjectMapping: 0.043458 ms MarkObjects: 2.299958 ms  DeleteObjects: 0.035458 ms)

AssetImportParameters requested are different than current active one (requested -> active):
  custom:video-decoder-ogg-theora: a1e56fd34408186e4bbccfd4996cb3dc -> 
  custom:container-muxer-webm: aa71ff27fc2769a1b78a27578f13a17b -> 
  custom:container-demuxer-webm: 4f35f7cbe854078d1ac9338744f61a02 -> 
  custom:container-demuxer-ogg: 62fdf1f143b41e24485cea50d1cbac27 -> 
  custom:video-encoder-webm-vp8: eb34c28f22e8b96e1ab97ce403110664 -> 
  custom:framework-osx-AVFoundation: e770b220cccbd017edd2c1fefb359320 -> 
  custom:video-decoder-webm-vp8: 9c59270c3fd7afecdb556c50c9e8de78 -> 
  custom:audio-decoder-ogg-vorbis: bf7c407c2cedff20999df2af8eb42d56 -> 
  custom:audio-encoder-webm-vorbis: bf7c407c2cedff20999df2af8eb42d56 -> 
========================================================================
Received Import Request.
  Time since last request: 360.531294 seconds.
  path: Assets/Scenes/Pillar 5/Chapter Select Pillar 5.unity
  artifactKey: Guid(de2c64e13b947fc499b50cbb7513172b) Importer(815301076,1909f56bfc062723c751e8b465ee728b)
Start importing Assets/Scenes/Pillar 5/Chapter Select Pillar 5.unity using Guid(de2c64e13b947fc499b50cbb7513172b) Importer(815301076,1909f56bfc062723c751e8b465ee728b)  -> (artifact id: '3fe06e6391fa39047a667b119ace3e24') in 0.018626 seconds 
  Import took 0.023110 seconds .

========================================================================
Received Import Request.
  Time since last request: 101.876433 seconds.
  path: Assets/Scenes/Pillar 5/Chapter Select Pillar 5.unity
  artifactKey: Guid(de2c64e13b947fc499b50cbb7513172b) Importer(815301076,1909f56bfc062723c751e8b465ee728b)
Start importing Assets/Scenes/Pillar 5/Chapter Select Pillar 5.unity using Guid(de2c64e13b947fc499b50cbb7513172b) Importer(815301076,1909f56bfc062723c751e8b465ee728b)  -> (artifact id: 'c0636cedb88f9575668ee66c65372a29') in 0.006008 seconds 
  Import took 0.011413 seconds .

